[0.173s] DEBUG:colcon:Command line arguments: ['/usr/bin/colcon', 'build', '--symlink-install', '--packages-select', 'radar_data_listener']
[0.173s] DEBUG:colcon:Parsed command line arguments: Namespace(log_base=None, log_level=None, verb_name='build', build_base='build', install_base='install', merge_install=False, symlink_install=True, test_result_base=None, continue_on_error=False, executor='parallel', parallel_workers=8, event_handlers=None, ignore_user_meta=False, metas=['./colcon.meta'], base_paths=['.'], packages_ignore=None, packages_ignore_regex=None, paths=None, packages_up_to=None, packages_up_to_regex=None, packages_above=None, packages_above_and_dependencies=None, packages_above_depth=None, packages_select_by_dep=None, packages_skip_by_dep=None, packages_skip_up_to=None, packages_select_build_failed=False, packages_skip_build_finished=False, packages_select_test_failures=False, packages_skip_test_passed=False, packages_select=['radar_data_listener'], packages_skip=None, packages_select_regex=None, packages_skip_regex=None, packages_start=None, packages_end=None, allow_overriding=[], cmake_args=None, cmake_target=None, cmake_target_skip_unavailable=False, cmake_clean_cache=False, cmake_clean_first=False, cmake_force_configure=False, ament_cmake_args=None, catkin_cmake_args=None, catkin_skip_building_tests=False, mixin_files=None, mixin=None, verb_parser=<colcon_mixin.mixin.mixin_argument.MixinArgumentDecorator object at 0x7b2cf4e84250>, verb_extension=<colcon_core.verb.build.BuildVerb object at 0x7b2cf4e01780>, main=<bound method BuildVerb.main of <colcon_core.verb.build.BuildVerb object at 0x7b2cf4e01780>>, mixin_verb=('build',))
[0.348s] Level 1:colcon.colcon_core.package_discovery:discover_packages(colcon_meta) check parameters
[0.348s] Level 1:colcon.colcon_core.package_discovery:discover_packages(recursive) check parameters
[0.348s] Level 1:colcon.colcon_core.package_discovery:discover_packages(ignore) check parameters
[0.348s] Level 1:colcon.colcon_core.package_discovery:discover_packages(path) check parameters
[0.348s] Level 1:colcon.colcon_core.package_discovery:discover_packages(colcon_meta) discover
[0.348s] Level 1:colcon.colcon_core.package_discovery:discover_packages(recursive) discover
[0.348s] INFO:colcon.colcon_core.package_discovery:Crawling recursively for packages in '/home/tommy/smaut_sensor_nodes_ws'
[0.348s] Level 1:colcon.colcon_core.package_identification:_identify(.) by extensions ['ignore', 'ignore_ament_install']
[0.348s] Level 1:colcon.colcon_core.package_identification:_identify(.) by extension 'ignore'
[0.348s] Level 1:colcon.colcon_core.package_identification:_identify(.) by extension 'ignore_ament_install'
[0.349s] Level 1:colcon.colcon_core.package_identification:_identify(.) by extensions ['colcon_pkg']
[0.349s] Level 1:colcon.colcon_core.package_identification:_identify(.) by extension 'colcon_pkg'
[0.349s] Level 1:colcon.colcon_core.package_identification:_identify(.) by extensions ['colcon_meta']
[0.349s] Level 1:colcon.colcon_core.package_identification:_identify(.) by extension 'colcon_meta'
[0.349s] Level 1:colcon.colcon_core.package_identification:_identify(.) by extensions ['ros']
[0.349s] Level 1:colcon.colcon_core.package_identification:_identify(.) by extension 'ros'
[0.361s] Level 1:colcon.colcon_core.package_identification:_identify(.) by extensions ['cmake', 'python']
[0.362s] Level 1:colcon.colcon_core.package_identification:_identify(.) by extension 'cmake'
[0.362s] Level 1:colcon.colcon_core.package_identification:_identify(.) by extension 'python'
[0.362s] Level 1:colcon.colcon_core.package_identification:_identify(.) by extensions ['python_setup_py']
[0.362s] Level 1:colcon.colcon_core.package_identification:_identify(.) by extension 'python_setup_py'
[0.362s] Level 1:colcon.colcon_core.package_identification:_identify(build) by extensions ['ignore', 'ignore_ament_install']
[0.362s] Level 1:colcon.colcon_core.package_identification:_identify(build) by extension 'ignore'
[0.362s] Level 1:colcon.colcon_core.package_identification:_identify(build) ignored
[0.362s] Level 1:colcon.colcon_core.package_identification:_identify(install) by extensions ['ignore', 'ignore_ament_install']
[0.362s] Level 1:colcon.colcon_core.package_identification:_identify(install) by extension 'ignore'
[0.362s] Level 1:colcon.colcon_core.package_identification:_identify(install) ignored
[0.363s] Level 1:colcon.colcon_core.package_identification:_identify(log) by extensions ['ignore', 'ignore_ament_install']
[0.363s] Level 1:colcon.colcon_core.package_identification:_identify(log) by extension 'ignore'
[0.363s] Level 1:colcon.colcon_core.package_identification:_identify(log) ignored
[0.363s] Level 1:colcon.colcon_core.package_identification:_identify(src) by extensions ['ignore', 'ignore_ament_install']
[0.363s] Level 1:colcon.colcon_core.package_identification:_identify(src) by extension 'ignore'
[0.363s] Level 1:colcon.colcon_core.package_identification:_identify(src) by extension 'ignore_ament_install'
[0.363s] Level 1:colcon.colcon_core.package_identification:_identify(src) by extensions ['colcon_pkg']
[0.363s] Level 1:colcon.colcon_core.package_identification:_identify(src) by extension 'colcon_pkg'
[0.363s] Level 1:colcon.colcon_core.package_identification:_identify(src) by extensions ['colcon_meta']
[0.363s] Level 1:colcon.colcon_core.package_identification:_identify(src) by extension 'colcon_meta'
[0.363s] Level 1:colcon.colcon_core.package_identification:_identify(src) by extensions ['ros']
[0.363s] Level 1:colcon.colcon_core.package_identification:_identify(src) by extension 'ros'
[0.364s] Level 1:colcon.colcon_core.package_identification:_identify(src) by extensions ['cmake', 'python']
[0.364s] Level 1:colcon.colcon_core.package_identification:_identify(src) by extension 'cmake'
[0.364s] Level 1:colcon.colcon_core.package_identification:_identify(src) by extension 'python'
[0.364s] Level 1:colcon.colcon_core.package_identification:_identify(src) by extensions ['python_setup_py']
[0.364s] Level 1:colcon.colcon_core.package_identification:_identify(src) by extension 'python_setup_py'
[0.364s] Level 1:colcon.colcon_core.package_identification:_identify(src/sensor_nodes_smaut) by extensions ['ignore', 'ignore_ament_install']
[0.364s] Level 1:colcon.colcon_core.package_identification:_identify(src/sensor_nodes_smaut) by extension 'ignore'
[0.364s] Level 1:colcon.colcon_core.package_identification:_identify(src/sensor_nodes_smaut) by extension 'ignore_ament_install'
[0.364s] Level 1:colcon.colcon_core.package_identification:_identify(src/sensor_nodes_smaut) by extensions ['colcon_pkg']
[0.364s] Level 1:colcon.colcon_core.package_identification:_identify(src/sensor_nodes_smaut) by extension 'colcon_pkg'
[0.364s] Level 1:colcon.colcon_core.package_identification:_identify(src/sensor_nodes_smaut) by extensions ['colcon_meta']
[0.364s] Level 1:colcon.colcon_core.package_identification:_identify(src/sensor_nodes_smaut) by extension 'colcon_meta'
[0.364s] Level 1:colcon.colcon_core.package_identification:_identify(src/sensor_nodes_smaut) by extensions ['ros']
[0.364s] Level 1:colcon.colcon_core.package_identification:_identify(src/sensor_nodes_smaut) by extension 'ros'
[0.364s] Level 1:colcon.colcon_core.package_identification:_identify(src/sensor_nodes_smaut) by extensions ['cmake', 'python']
[0.364s] Level 1:colcon.colcon_core.package_identification:_identify(src/sensor_nodes_smaut) by extension 'cmake'
[0.365s] Level 1:colcon.colcon_core.package_identification:_identify(src/sensor_nodes_smaut) by extension 'python'
[0.365s] Level 1:colcon.colcon_core.package_identification:_identify(src/sensor_nodes_smaut) by extensions ['python_setup_py']
[0.365s] Level 1:colcon.colcon_core.package_identification:_identify(src/sensor_nodes_smaut) by extension 'python_setup_py'
[0.365s] Level 1:colcon.colcon_core.package_identification:_identify(src/sensor_nodes_smaut/build) by extensions ['ignore', 'ignore_ament_install']
[0.365s] Level 1:colcon.colcon_core.package_identification:_identify(src/sensor_nodes_smaut/build) by extension 'ignore'
[0.365s] Level 1:colcon.colcon_core.package_identification:_identify(src/sensor_nodes_smaut/build) ignored
[0.365s] Level 1:colcon.colcon_core.package_identification:_identify(src/sensor_nodes_smaut/install) by extensions ['ignore', 'ignore_ament_install']
[0.365s] Level 1:colcon.colcon_core.package_identification:_identify(src/sensor_nodes_smaut/install) by extension 'ignore'
[0.365s] Level 1:colcon.colcon_core.package_identification:_identify(src/sensor_nodes_smaut/install) ignored
[0.365s] Level 1:colcon.colcon_core.package_identification:_identify(src/sensor_nodes_smaut/log) by extensions ['ignore', 'ignore_ament_install']
[0.366s] Level 1:colcon.colcon_core.package_identification:_identify(src/sensor_nodes_smaut/log) by extension 'ignore'
[0.366s] Level 1:colcon.colcon_core.package_identification:_identify(src/sensor_nodes_smaut/log) ignored
[0.366s] Level 1:colcon.colcon_core.package_identification:_identify(src/sensor_nodes_smaut/radar_data_listener) by extensions ['ignore', 'ignore_ament_install']
[0.366s] Level 1:colcon.colcon_core.package_identification:_identify(src/sensor_nodes_smaut/radar_data_listener) by extension 'ignore'
[0.366s] Level 1:colcon.colcon_core.package_identification:_identify(src/sensor_nodes_smaut/radar_data_listener) by extension 'ignore_ament_install'
[0.366s] Level 1:colcon.colcon_core.package_identification:_identify(src/sensor_nodes_smaut/radar_data_listener) by extensions ['colcon_pkg']
[0.366s] Level 1:colcon.colcon_core.package_identification:_identify(src/sensor_nodes_smaut/radar_data_listener) by extension 'colcon_pkg'
[0.366s] Level 1:colcon.colcon_core.package_identification:_identify(src/sensor_nodes_smaut/radar_data_listener) by extensions ['colcon_meta']
[0.366s] Level 1:colcon.colcon_core.package_identification:_identify(src/sensor_nodes_smaut/radar_data_listener) by extension 'colcon_meta'
[0.366s] Level 1:colcon.colcon_core.package_identification:_identify(src/sensor_nodes_smaut/radar_data_listener) by extensions ['ros']
[0.366s] Level 1:colcon.colcon_core.package_identification:_identify(src/sensor_nodes_smaut/radar_data_listener) by extension 'ros'
[0.379s] DEBUG:colcon.colcon_core.package_identification:Package 'src/sensor_nodes_smaut/radar_data_listener' with type 'ros.ament_python' and name 'radar_data_listener'
[0.379s] Level 1:colcon.colcon_core.package_identification:_identify(src/sensor_nodes_smaut/scripts) by extensions ['ignore', 'ignore_ament_install']
[0.379s] Level 1:colcon.colcon_core.package_identification:_identify(src/sensor_nodes_smaut/scripts) by extension 'ignore'
[0.379s] Level 1:colcon.colcon_core.package_identification:_identify(src/sensor_nodes_smaut/scripts) by extension 'ignore_ament_install'
[0.379s] Level 1:colcon.colcon_core.package_identification:_identify(src/sensor_nodes_smaut/scripts) by extensions ['colcon_pkg']
[0.379s] Level 1:colcon.colcon_core.package_identification:_identify(src/sensor_nodes_smaut/scripts) by extension 'colcon_pkg'
[0.379s] Level 1:colcon.colcon_core.package_identification:_identify(src/sensor_nodes_smaut/scripts) by extensions ['colcon_meta']
[0.379s] Level 1:colcon.colcon_core.package_identification:_identify(src/sensor_nodes_smaut/scripts) by extension 'colcon_meta'
[0.379s] Level 1:colcon.colcon_core.package_identification:_identify(src/sensor_nodes_smaut/scripts) by extensions ['ros']
[0.379s] Level 1:colcon.colcon_core.package_identification:_identify(src/sensor_nodes_smaut/scripts) by extension 'ros'
[0.379s] Level 1:colcon.colcon_core.package_identification:_identify(src/sensor_nodes_smaut/scripts) by extensions ['cmake', 'python']
[0.379s] Level 1:colcon.colcon_core.package_identification:_identify(src/sensor_nodes_smaut/scripts) by extension 'cmake'
[0.380s] Level 1:colcon.colcon_core.package_identification:_identify(src/sensor_nodes_smaut/scripts) by extension 'python'
[0.380s] Level 1:colcon.colcon_core.package_identification:_identify(src/sensor_nodes_smaut/scripts) by extensions ['python_setup_py']
[0.380s] Level 1:colcon.colcon_core.package_identification:_identify(src/sensor_nodes_smaut/scripts) by extension 'python_setup_py'
[0.380s] Level 1:colcon.colcon_core.package_identification:_identify(src/sensor_nodes_smaut/scripts/calibration) by extensions ['ignore', 'ignore_ament_install']
[0.380s] Level 1:colcon.colcon_core.package_identification:_identify(src/sensor_nodes_smaut/scripts/calibration) by extension 'ignore'
[0.380s] Level 1:colcon.colcon_core.package_identification:_identify(src/sensor_nodes_smaut/scripts/calibration) by extension 'ignore_ament_install'
[0.380s] Level 1:colcon.colcon_core.package_identification:_identify(src/sensor_nodes_smaut/scripts/calibration) by extensions ['colcon_pkg']
[0.380s] Level 1:colcon.colcon_core.package_identification:_identify(src/sensor_nodes_smaut/scripts/calibration) by extension 'colcon_pkg'
[0.380s] Level 1:colcon.colcon_core.package_identification:_identify(src/sensor_nodes_smaut/scripts/calibration) by extensions ['colcon_meta']
[0.380s] Level 1:colcon.colcon_core.package_identification:_identify(src/sensor_nodes_smaut/scripts/calibration) by extension 'colcon_meta'
[0.380s] Level 1:colcon.colcon_core.package_identification:_identify(src/sensor_nodes_smaut/scripts/calibration) by extensions ['ros']
[0.380s] Level 1:colcon.colcon_core.package_identification:_identify(src/sensor_nodes_smaut/scripts/calibration) by extension 'ros'
[0.380s] Level 1:colcon.colcon_core.package_identification:_identify(src/sensor_nodes_smaut/scripts/calibration) by extensions ['cmake', 'python']
[0.380s] Level 1:colcon.colcon_core.package_identification:_identify(src/sensor_nodes_smaut/scripts/calibration) by extension 'cmake'
[0.380s] Level 1:colcon.colcon_core.package_identification:_identify(src/sensor_nodes_smaut/scripts/calibration) by extension 'python'
[0.380s] Level 1:colcon.colcon_core.package_identification:_identify(src/sensor_nodes_smaut/scripts/calibration) by extensions ['python_setup_py']
[0.381s] Level 1:colcon.colcon_core.package_identification:_identify(src/sensor_nodes_smaut/scripts/calibration) by extension 'python_setup_py'
[0.381s] Level 1:colcon.colcon_core.package_identification:_identify(src/sensor_nodes_smaut/scripts/example_read_rust_data) by extensions ['ignore', 'ignore_ament_install']
[0.381s] Level 1:colcon.colcon_core.package_identification:_identify(src/sensor_nodes_smaut/scripts/example_read_rust_data) by extension 'ignore'
[0.381s] Level 1:colcon.colcon_core.package_identification:_identify(src/sensor_nodes_smaut/scripts/example_read_rust_data) by extension 'ignore_ament_install'
[0.381s] Level 1:colcon.colcon_core.package_identification:_identify(src/sensor_nodes_smaut/scripts/example_read_rust_data) by extensions ['colcon_pkg']
[0.381s] Level 1:colcon.colcon_core.package_identification:_identify(src/sensor_nodes_smaut/scripts/example_read_rust_data) by extension 'colcon_pkg'
[0.381s] Level 1:colcon.colcon_core.package_identification:_identify(src/sensor_nodes_smaut/scripts/example_read_rust_data) by extensions ['colcon_meta']
[0.381s] Level 1:colcon.colcon_core.package_identification:_identify(src/sensor_nodes_smaut/scripts/example_read_rust_data) by extension 'colcon_meta'
[0.381s] Level 1:colcon.colcon_core.package_identification:_identify(src/sensor_nodes_smaut/scripts/example_read_rust_data) by extensions ['ros']
[0.381s] Level 1:colcon.colcon_core.package_identification:_identify(src/sensor_nodes_smaut/scripts/example_read_rust_data) by extension 'ros'
[0.381s] Level 1:colcon.colcon_core.package_identification:_identify(src/sensor_nodes_smaut/scripts/example_read_rust_data) by extensions ['cmake', 'python']
[0.381s] Level 1:colcon.colcon_core.package_identification:_identify(src/sensor_nodes_smaut/scripts/example_read_rust_data) by extension 'cmake'
[0.381s] Level 1:colcon.colcon_core.package_identification:_identify(src/sensor_nodes_smaut/scripts/example_read_rust_data) by extension 'python'
[0.381s] Level 1:colcon.colcon_core.package_identification:_identify(src/sensor_nodes_smaut/scripts/example_read_rust_data) by extensions ['python_setup_py']
[0.381s] Level 1:colcon.colcon_core.package_identification:_identify(src/sensor_nodes_smaut/scripts/example_read_rust_data) by extension 'python_setup_py'
[0.381s] Level 1:colcon.colcon_core.package_identification:_identify(src/sensor_nodes_smaut/scripts/rust_listener) by extensions ['ignore', 'ignore_ament_install']
[0.382s] Level 1:colcon.colcon_core.package_identification:_identify(src/sensor_nodes_smaut/scripts/rust_listener) by extension 'ignore'
[0.382s] Level 1:colcon.colcon_core.package_identification:_identify(src/sensor_nodes_smaut/scripts/rust_listener) by extension 'ignore_ament_install'
[0.382s] Level 1:colcon.colcon_core.package_identification:_identify(src/sensor_nodes_smaut/scripts/rust_listener) by extensions ['colcon_pkg']
[0.382s] Level 1:colcon.colcon_core.package_identification:_identify(src/sensor_nodes_smaut/scripts/rust_listener) by extension 'colcon_pkg'
[0.382s] Level 1:colcon.colcon_core.package_identification:_identify(src/sensor_nodes_smaut/scripts/rust_listener) by extensions ['colcon_meta']
[0.382s] Level 1:colcon.colcon_core.package_identification:_identify(src/sensor_nodes_smaut/scripts/rust_listener) by extension 'colcon_meta'
[0.382s] Level 1:colcon.colcon_core.package_identification:_identify(src/sensor_nodes_smaut/scripts/rust_listener) by extensions ['ros']
[0.382s] Level 1:colcon.colcon_core.package_identification:_identify(src/sensor_nodes_smaut/scripts/rust_listener) by extension 'ros'
[0.382s] Level 1:colcon.colcon_core.package_identification:_identify(src/sensor_nodes_smaut/scripts/rust_listener) by extensions ['cmake', 'python']
[0.382s] Level 1:colcon.colcon_core.package_identification:_identify(src/sensor_nodes_smaut/scripts/rust_listener) by extension 'cmake'
[0.382s] Level 1:colcon.colcon_core.package_identification:_identify(src/sensor_nodes_smaut/scripts/rust_listener) by extension 'python'
[0.382s] Level 1:colcon.colcon_core.package_identification:_identify(src/sensor_nodes_smaut/scripts/rust_listener) by extensions ['python_setup_py']
[0.382s] Level 1:colcon.colcon_core.package_identification:_identify(src/sensor_nodes_smaut/scripts/rust_listener) by extension 'python_setup_py'
[0.382s] Level 1:colcon.colcon_core.package_identification:_identify(src/sensor_nodes_smaut/scripts/rust_publisher) by extensions ['ignore', 'ignore_ament_install']
[0.382s] Level 1:colcon.colcon_core.package_identification:_identify(src/sensor_nodes_smaut/scripts/rust_publisher) by extension 'ignore'
[0.382s] Level 1:colcon.colcon_core.package_identification:_identify(src/sensor_nodes_smaut/scripts/rust_publisher) by extension 'ignore_ament_install'
[0.382s] Level 1:colcon.colcon_core.package_identification:_identify(src/sensor_nodes_smaut/scripts/rust_publisher) by extensions ['colcon_pkg']
[0.382s] Level 1:colcon.colcon_core.package_identification:_identify(src/sensor_nodes_smaut/scripts/rust_publisher) by extension 'colcon_pkg'
[0.383s] Level 1:colcon.colcon_core.package_identification:_identify(src/sensor_nodes_smaut/scripts/rust_publisher) by extensions ['colcon_meta']
[0.383s] Level 1:colcon.colcon_core.package_identification:_identify(src/sensor_nodes_smaut/scripts/rust_publisher) by extension 'colcon_meta'
[0.383s] Level 1:colcon.colcon_core.package_identification:_identify(src/sensor_nodes_smaut/scripts/rust_publisher) by extensions ['ros']
[0.383s] Level 1:colcon.colcon_core.package_identification:_identify(src/sensor_nodes_smaut/scripts/rust_publisher) by extension 'ros'
[0.383s] Level 1:colcon.colcon_core.package_identification:_identify(src/sensor_nodes_smaut/scripts/rust_publisher) by extensions ['cmake', 'python']
[0.383s] Level 1:colcon.colcon_core.package_identification:_identify(src/sensor_nodes_smaut/scripts/rust_publisher) by extension 'cmake'
[0.383s] Level 1:colcon.colcon_core.package_identification:_identify(src/sensor_nodes_smaut/scripts/rust_publisher) by extension 'python'
[0.383s] Level 1:colcon.colcon_core.package_identification:_identify(src/sensor_nodes_smaut/scripts/rust_publisher) by extensions ['python_setup_py']
[0.383s] Level 1:colcon.colcon_core.package_identification:_identify(src/sensor_nodes_smaut/scripts/rust_publisher) by extension 'python_setup_py'
[0.383s] Level 1:colcon.colcon_core.package_discovery:discover_packages(recursive) using defaults
[0.383s] Level 1:colcon.colcon_core.package_discovery:discover_packages(ignore) discover
[0.383s] Level 1:colcon.colcon_core.package_discovery:discover_packages(ignore) using defaults
[0.383s] Level 1:colcon.colcon_core.package_discovery:discover_packages(path) discover
[0.383s] Level 1:colcon.colcon_core.package_discovery:discover_packages(path) using defaults
[0.404s] Level 1:colcon.colcon_core.package_discovery:discover_packages(prefix_path) check parameters
[0.404s] Level 1:colcon.colcon_core.package_discovery:discover_packages(prefix_path) discover
[0.407s] DEBUG:colcon.colcon_installed_package_information.package_discovery:Found 24 installed packages in /home/tommy/ros2_ws/install
[0.408s] DEBUG:colcon.colcon_installed_package_information.package_discovery:Found 1 installed packages in /home/tommy/ros2_ws/src/examples/install
[0.413s] DEBUG:colcon.colcon_installed_package_information.package_discovery:Found 346 installed packages in /home/tommy/ros2_humble/ros2-linux
[0.415s] Level 1:colcon.colcon_core.package_discovery:discover_packages(prefix_path) using defaults
[0.442s] Level 5:colcon.colcon_core.verb:set package 'radar_data_listener' build argument 'cmake_args' from command line to 'None'
[0.442s] Level 5:colcon.colcon_core.verb:set package 'radar_data_listener' build argument 'cmake_target' from command line to 'None'
[0.443s] Level 5:colcon.colcon_core.verb:set package 'radar_data_listener' build argument 'cmake_target_skip_unavailable' from command line to 'False'
[0.443s] Level 5:colcon.colcon_core.verb:set package 'radar_data_listener' build argument 'cmake_clean_cache' from command line to 'False'
[0.443s] Level 5:colcon.colcon_core.verb:set package 'radar_data_listener' build argument 'cmake_clean_first' from command line to 'False'
[0.443s] Level 5:colcon.colcon_core.verb:set package 'radar_data_listener' build argument 'cmake_force_configure' from command line to 'False'
[0.443s] Level 5:colcon.colcon_core.verb:set package 'radar_data_listener' build argument 'ament_cmake_args' from command line to 'None'
[0.443s] Level 5:colcon.colcon_core.verb:set package 'radar_data_listener' build argument 'catkin_cmake_args' from command line to 'None'
[0.443s] Level 5:colcon.colcon_core.verb:set package 'radar_data_listener' build argument 'catkin_skip_building_tests' from command line to 'False'
[0.443s] DEBUG:colcon.colcon_core.verb:Building package 'radar_data_listener' with the following arguments: {'ament_cmake_args': None, 'build_base': '/home/tommy/smaut_sensor_nodes_ws/build/radar_data_listener', 'catkin_cmake_args': None, 'catkin_skip_building_tests': False, 'cmake_args': None, 'cmake_clean_cache': False, 'cmake_clean_first': False, 'cmake_force_configure': False, 'cmake_target': None, 'cmake_target_skip_unavailable': False, 'install_base': '/home/tommy/smaut_sensor_nodes_ws/install/radar_data_listener', 'merge_install': False, 'path': '/home/tommy/smaut_sensor_nodes_ws/src/sensor_nodes_smaut/radar_data_listener', 'symlink_install': True, 'test_result_base': None}
[0.443s] INFO:colcon.colcon_core.executor:Executing jobs using 'parallel' executor
[0.444s] DEBUG:colcon.colcon_parallel_executor.executor.parallel:run_until_complete
[0.444s] INFO:colcon.colcon_ros.task.ament_python.build:Building ROS package in '/home/tommy/smaut_sensor_nodes_ws/src/sensor_nodes_smaut/radar_data_listener' with build type 'ament_python'
[0.445s] Level 1:colcon.colcon_core.shell:create_environment_hook('radar_data_listener', 'ament_prefix_path')
[0.447s] INFO:colcon.colcon_core.plugin_system:Skipping extension 'colcon_core.shell.bat': Not used on non-Windows systems
[0.447s] INFO:colcon.colcon_core.shell:Creating environment hook '/home/tommy/smaut_sensor_nodes_ws/install/radar_data_listener/share/radar_data_listener/hook/ament_prefix_path.ps1'
[0.452s] INFO:colcon.colcon_core.shell:Creating environment descriptor '/home/tommy/smaut_sensor_nodes_ws/install/radar_data_listener/share/radar_data_listener/hook/ament_prefix_path.dsv'
[0.454s] INFO:colcon.colcon_core.shell:Creating environment hook '/home/tommy/smaut_sensor_nodes_ws/install/radar_data_listener/share/radar_data_listener/hook/ament_prefix_path.sh'
[0.456s] INFO:colcon.colcon_core.shell:Skip shell extension 'powershell' for command environment: Not usable outside of PowerShell
[0.456s] DEBUG:colcon.colcon_core.shell:Skip shell extension 'dsv' for command environment
[0.786s] INFO:colcon.colcon_core.task.python.build:Building Python package in '/home/tommy/smaut_sensor_nodes_ws/src/sensor_nodes_smaut/radar_data_listener'
[0.786s] INFO:colcon.colcon_core.shell:Skip shell extension 'powershell' for command environment: Not usable outside of PowerShell
[0.786s] DEBUG:colcon.colcon_core.shell:Skip shell extension 'dsv' for command environment
[1.503s] DEBUG:colcon.colcon_core.event_handler.log_command:Invoking command in '/home/tommy/smaut_sensor_nodes_ws/build/radar_data_listener': PYTHONPATH=/home/tommy/smaut_sensor_nodes_ws/build/radar_data_listener/prefix_override:/usr/lib/python3/dist-packages/colcon_core/task/python/colcon_distutils_commands:/home/tommy/smaut_sensor_nodes_ws/install/radar_data_listener/lib/python3.10/site-packages:${PYTHONPATH} /usr/bin/python3 -W ignore:setup.py install is deprecated -W ignore:easy_install command is deprecated setup.py develop --editable --build-directory /home/tommy/smaut_sensor_nodes_ws/build/radar_data_listener/build --no-deps symlink_data
[2.069s] Level 1:colcon.colcon_core.shell:create_environment_hook('radar_data_listener', 'pythonpath_develop')
[2.069s] INFO:colcon.colcon_core.shell:Creating environment hook '/home/tommy/smaut_sensor_nodes_ws/build/radar_data_listener/share/radar_data_listener/hook/pythonpath_develop.ps1'
[2.070s] DEBUG:colcon.colcon_core.event_handler.log_command:Invoked command in '/home/tommy/smaut_sensor_nodes_ws/build/radar_data_listener' returned '0': PYTHONPATH=/home/tommy/smaut_sensor_nodes_ws/build/radar_data_listener/prefix_override:/usr/lib/python3/dist-packages/colcon_core/task/python/colcon_distutils_commands:/home/tommy/smaut_sensor_nodes_ws/install/radar_data_listener/lib/python3.10/site-packages:${PYTHONPATH} /usr/bin/python3 -W ignore:setup.py install is deprecated -W ignore:easy_install command is deprecated setup.py develop --editable --build-directory /home/tommy/smaut_sensor_nodes_ws/build/radar_data_listener/build --no-deps symlink_data
[2.072s] INFO:colcon.colcon_core.shell:Creating environment descriptor '/home/tommy/smaut_sensor_nodes_ws/build/radar_data_listener/share/radar_data_listener/hook/pythonpath_develop.dsv'
[2.072s] INFO:colcon.colcon_core.shell:Creating environment hook '/home/tommy/smaut_sensor_nodes_ws/build/radar_data_listener/share/radar_data_listener/hook/pythonpath_develop.sh'
[2.083s] Level 1:colcon.colcon_core.environment:checking '/home/tommy/smaut_sensor_nodes_ws/install/radar_data_listener' for CMake module files
[2.084s] Level 1:colcon.colcon_core.environment:checking '/home/tommy/smaut_sensor_nodes_ws/install/radar_data_listener' for CMake config files
[2.084s] Level 1:colcon.colcon_core.environment:checking '/home/tommy/smaut_sensor_nodes_ws/install/radar_data_listener/lib'
[2.085s] Level 1:colcon.colcon_core.environment:checking '/home/tommy/smaut_sensor_nodes_ws/install/radar_data_listener/bin'
[2.085s] Level 1:colcon.colcon_core.environment:checking '/home/tommy/smaut_sensor_nodes_ws/install/radar_data_listener/lib/pkgconfig/radar_data_listener.pc'
[2.085s] Level 1:colcon.colcon_core.environment:checking '/home/tommy/smaut_sensor_nodes_ws/install/radar_data_listener/lib/python3.10/site-packages'
[2.085s] Level 1:colcon.colcon_core.shell:create_environment_hook('radar_data_listener', 'pythonpath')
[2.085s] INFO:colcon.colcon_core.shell:Creating environment hook '/home/tommy/smaut_sensor_nodes_ws/install/radar_data_listener/share/radar_data_listener/hook/pythonpath.ps1'
[2.086s] INFO:colcon.colcon_core.shell:Creating environment descriptor '/home/tommy/smaut_sensor_nodes_ws/install/radar_data_listener/share/radar_data_listener/hook/pythonpath.dsv'
[2.086s] INFO:colcon.colcon_core.shell:Creating environment hook '/home/tommy/smaut_sensor_nodes_ws/install/radar_data_listener/share/radar_data_listener/hook/pythonpath.sh'
[2.087s] Level 1:colcon.colcon_core.environment:checking '/home/tommy/smaut_sensor_nodes_ws/install/radar_data_listener/bin'
[2.087s] Level 1:colcon.colcon_core.environment:create_environment_scripts_only(radar_data_listener)
[2.087s] INFO:colcon.colcon_core.shell:Creating package script '/home/tommy/smaut_sensor_nodes_ws/install/radar_data_listener/share/radar_data_listener/package.ps1'
[2.089s] INFO:colcon.colcon_core.shell:Creating package descriptor '/home/tommy/smaut_sensor_nodes_ws/install/radar_data_listener/share/radar_data_listener/package.dsv'
[2.090s] INFO:colcon.colcon_core.shell:Creating package script '/home/tommy/smaut_sensor_nodes_ws/install/radar_data_listener/share/radar_data_listener/package.sh'
[2.091s] INFO:colcon.colcon_core.shell:Creating package script '/home/tommy/smaut_sensor_nodes_ws/install/radar_data_listener/share/radar_data_listener/package.bash'
[2.092s] INFO:colcon.colcon_core.shell:Creating package script '/home/tommy/smaut_sensor_nodes_ws/install/radar_data_listener/share/radar_data_listener/package.zsh'
[2.094s] Level 1:colcon.colcon_core.environment:create_file_with_runtime_dependencies(/home/tommy/smaut_sensor_nodes_ws/install/radar_data_listener/share/colcon-core/packages/radar_data_listener)
[2.095s] DEBUG:colcon.colcon_parallel_executor.executor.parallel:closing loop
[2.096s] DEBUG:colcon.colcon_parallel_executor.executor.parallel:loop closed
[2.096s] DEBUG:colcon.colcon_parallel_executor.executor.parallel:run_until_complete finished with '0'
[2.096s] DEBUG:colcon.colcon_core.event_reactor:joining thread
[2.131s] INFO:colcon.colcon_core.plugin_system:Skipping extension 'colcon_notification.desktop_notification.notify_send': Could not find 'notify-send'
[2.131s] INFO:colcon.colcon_core.plugin_system:Skipping extension 'colcon_notification.desktop_notification.terminal_notifier': Not used on non-Darwin systems
[2.131s] INFO:colcon.colcon_core.plugin_system:Skipping extension 'colcon_notification.desktop_notification.win32': Not used on non-Windows systems
[2.131s] INFO:colcon.colcon_notification.desktop_notification:Sending desktop notification using 'notify2'
[2.131s] DEBUG:colcon.colcon_notification.desktop_notification.notify2:Failed to initialize notify2: org.freedesktop.DBus.Error.FileNotFound: Failed to connect to socket /run/user/1000/bus: No such file or directory
[2.131s] DEBUG:colcon.colcon_core.event_reactor:joined thread
[2.131s] INFO:colcon.colcon_core.shell:Creating prefix script '/home/tommy/smaut_sensor_nodes_ws/install/local_setup.ps1'
[2.132s] INFO:colcon.colcon_core.shell:Creating prefix util module '/home/tommy/smaut_sensor_nodes_ws/install/_local_setup_util_ps1.py'
[2.134s] INFO:colcon.colcon_core.shell:Creating prefix chain script '/home/tommy/smaut_sensor_nodes_ws/install/setup.ps1'
[2.136s] INFO:colcon.colcon_core.shell:Creating prefix script '/home/tommy/smaut_sensor_nodes_ws/install/local_setup.sh'
[2.136s] INFO:colcon.colcon_core.shell:Creating prefix util module '/home/tommy/smaut_sensor_nodes_ws/install/_local_setup_util_sh.py'
[2.137s] INFO:colcon.colcon_core.shell:Creating prefix chain script '/home/tommy/smaut_sensor_nodes_ws/install/setup.sh'
[2.139s] INFO:colcon.colcon_core.shell:Creating prefix script '/home/tommy/smaut_sensor_nodes_ws/install/local_setup.bash'
[2.140s] INFO:colcon.colcon_core.shell:Creating prefix chain script '/home/tommy/smaut_sensor_nodes_ws/install/setup.bash'
[2.142s] INFO:colcon.colcon_core.shell:Creating prefix script '/home/tommy/smaut_sensor_nodes_ws/install/local_setup.zsh'
[2.143s] INFO:colcon.colcon_core.shell:Creating prefix chain script '/home/tommy/smaut_sensor_nodes_ws/install/setup.zsh'
