[0.385s] DEBUG:colcon:Command line arguments: ['/usr/bin/colcon', 'build', '--symlink-install', '--packages-select', 'radar_data_listener/']
[0.385s] DEBUG:colcon:Parsed command line arguments: Namespace(log_base=None, log_level=None, verb_name='build', build_base='build', install_base='install', merge_install=False, symlink_install=True, test_result_base=None, continue_on_error=False, executor='parallel', parallel_workers=8, event_handlers=None, ignore_user_meta=False, metas=['./colcon.meta'], base_paths=['.'], packages_ignore=None, packages_ignore_regex=None, paths=None, packages_up_to=None, packages_up_to_regex=None, packages_above=None, packages_above_and_dependencies=None, packages_above_depth=None, packages_select_by_dep=None, packages_skip_by_dep=None, packages_skip_up_to=None, packages_select_build_failed=False, packages_skip_build_finished=False, packages_select_test_failures=False, packages_skip_test_passed=False, packages_select=['radar_data_listener/'], packages_skip=None, packages_select_regex=None, packages_skip_regex=None, packages_start=None, packages_end=None, allow_overriding=[], cmake_args=None, cmake_target=None, cmake_target_skip_unavailable=False, cmake_clean_cache=False, cmake_clean_first=False, cmake_force_configure=False, ament_cmake_args=None, catkin_cmake_args=None, catkin_skip_building_tests=False, mixin_files=None, mixin=None, verb_parser=<colcon_mixin.mixin.mixin_argument.MixinArgumentDecorator object at 0x7099d0828250>, verb_extension=<colcon_core.verb.build.BuildVerb object at 0x7099d07a5780>, main=<bound method BuildVerb.main of <colcon_core.verb.build.BuildVerb object at 0x7099d07a5780>>, mixin_verb=('build',))
[0.850s] Level 1:colcon.colcon_core.package_discovery:discover_packages(colcon_meta) check parameters
[0.850s] Level 1:colcon.colcon_core.package_discovery:discover_packages(recursive) check parameters
[0.850s] Level 1:colcon.colcon_core.package_discovery:discover_packages(ignore) check parameters
[0.850s] Level 1:colcon.colcon_core.package_discovery:discover_packages(path) check parameters
[0.850s] Level 1:colcon.colcon_core.package_discovery:discover_packages(colcon_meta) discover
[0.850s] Level 1:colcon.colcon_core.package_discovery:discover_packages(recursive) discover
[0.850s] INFO:colcon.colcon_core.package_discovery:Crawling recursively for packages in '/home/tommy/smaut_sensor_nodes_ws'
[0.850s] Level 1:colcon.colcon_core.package_identification:_identify(.) by extensions ['ignore', 'ignore_ament_install']
[0.850s] Level 1:colcon.colcon_core.package_identification:_identify(.) by extension 'ignore'
[0.851s] Level 1:colcon.colcon_core.package_identification:_identify(.) by extension 'ignore_ament_install'
[0.851s] Level 1:colcon.colcon_core.package_identification:_identify(.) by extensions ['colcon_pkg']
[0.851s] Level 1:colcon.colcon_core.package_identification:_identify(.) by extension 'colcon_pkg'
[0.851s] Level 1:colcon.colcon_core.package_identification:_identify(.) by extensions ['colcon_meta']
[0.851s] Level 1:colcon.colcon_core.package_identification:_identify(.) by extension 'colcon_meta'
[0.851s] Level 1:colcon.colcon_core.package_identification:_identify(.) by extensions ['ros']
[0.851s] Level 1:colcon.colcon_core.package_identification:_identify(.) by extension 'ros'
[0.870s] Level 1:colcon.colcon_core.package_identification:_identify(.) by extensions ['cmake', 'python']
[0.870s] Level 1:colcon.colcon_core.package_identification:_identify(.) by extension 'cmake'
[0.870s] Level 1:colcon.colcon_core.package_identification:_identify(.) by extension 'python'
[0.870s] Level 1:colcon.colcon_core.package_identification:_identify(.) by extensions ['python_setup_py']
[0.871s] Level 1:colcon.colcon_core.package_identification:_identify(.) by extension 'python_setup_py'
[0.871s] Level 1:colcon.colcon_core.package_identification:_identify(build) by extensions ['ignore', 'ignore_ament_install']
[0.871s] Level 1:colcon.colcon_core.package_identification:_identify(build) by extension 'ignore'
[0.871s] Level 1:colcon.colcon_core.package_identification:_identify(build) ignored
[0.871s] Level 1:colcon.colcon_core.package_identification:_identify(install) by extensions ['ignore', 'ignore_ament_install']
[0.871s] Level 1:colcon.colcon_core.package_identification:_identify(install) by extension 'ignore'
[0.872s] Level 1:colcon.colcon_core.package_identification:_identify(install) ignored
[0.872s] Level 1:colcon.colcon_core.package_identification:_identify(log) by extensions ['ignore', 'ignore_ament_install']
[0.872s] Level 1:colcon.colcon_core.package_identification:_identify(log) by extension 'ignore'
[0.872s] Level 1:colcon.colcon_core.package_identification:_identify(log) ignored
[0.872s] Level 1:colcon.colcon_core.package_identification:_identify(src) by extensions ['ignore', 'ignore_ament_install']
[0.872s] Level 1:colcon.colcon_core.package_identification:_identify(src) by extension 'ignore'
[0.872s] Level 1:colcon.colcon_core.package_identification:_identify(src) by extension 'ignore_ament_install'
[0.872s] Level 1:colcon.colcon_core.package_identification:_identify(src) by extensions ['colcon_pkg']
[0.873s] Level 1:colcon.colcon_core.package_identification:_identify(src) by extension 'colcon_pkg'
[0.873s] Level 1:colcon.colcon_core.package_identification:_identify(src) by extensions ['colcon_meta']
[0.873s] Level 1:colcon.colcon_core.package_identification:_identify(src) by extension 'colcon_meta'
[0.873s] Level 1:colcon.colcon_core.package_identification:_identify(src) by extensions ['ros']
[0.873s] Level 1:colcon.colcon_core.package_identification:_identify(src) by extension 'ros'
[0.873s] Level 1:colcon.colcon_core.package_identification:_identify(src) by extensions ['cmake', 'python']
[0.873s] Level 1:colcon.colcon_core.package_identification:_identify(src) by extension 'cmake'
[0.873s] Level 1:colcon.colcon_core.package_identification:_identify(src) by extension 'python'
[0.873s] Level 1:colcon.colcon_core.package_identification:_identify(src) by extensions ['python_setup_py']
[0.873s] Level 1:colcon.colcon_core.package_identification:_identify(src) by extension 'python_setup_py'
[0.873s] Level 1:colcon.colcon_core.package_identification:_identify(src/sensor_nodes_smaut) by extensions ['ignore', 'ignore_ament_install']
[0.873s] Level 1:colcon.colcon_core.package_identification:_identify(src/sensor_nodes_smaut) by extension 'ignore'
[0.873s] Level 1:colcon.colcon_core.package_identification:_identify(src/sensor_nodes_smaut) by extension 'ignore_ament_install'
[0.873s] Level 1:colcon.colcon_core.package_identification:_identify(src/sensor_nodes_smaut) by extensions ['colcon_pkg']
[0.874s] Level 1:colcon.colcon_core.package_identification:_identify(src/sensor_nodes_smaut) by extension 'colcon_pkg'
[0.874s] Level 1:colcon.colcon_core.package_identification:_identify(src/sensor_nodes_smaut) by extensions ['colcon_meta']
[0.874s] Level 1:colcon.colcon_core.package_identification:_identify(src/sensor_nodes_smaut) by extension 'colcon_meta'
[0.874s] Level 1:colcon.colcon_core.package_identification:_identify(src/sensor_nodes_smaut) by extensions ['ros']
[0.874s] Level 1:colcon.colcon_core.package_identification:_identify(src/sensor_nodes_smaut) by extension 'ros'
[0.874s] Level 1:colcon.colcon_core.package_identification:_identify(src/sensor_nodes_smaut) by extensions ['cmake', 'python']
[0.874s] Level 1:colcon.colcon_core.package_identification:_identify(src/sensor_nodes_smaut) by extension 'cmake'
[0.874s] Level 1:colcon.colcon_core.package_identification:_identify(src/sensor_nodes_smaut) by extension 'python'
[0.874s] Level 1:colcon.colcon_core.package_identification:_identify(src/sensor_nodes_smaut) by extensions ['python_setup_py']
[0.874s] Level 1:colcon.colcon_core.package_identification:_identify(src/sensor_nodes_smaut) by extension 'python_setup_py'
[0.875s] Level 1:colcon.colcon_core.package_identification:_identify(src/sensor_nodes_smaut/build) by extensions ['ignore', 'ignore_ament_install']
[0.875s] Level 1:colcon.colcon_core.package_identification:_identify(src/sensor_nodes_smaut/build) by extension 'ignore'
[0.875s] Level 1:colcon.colcon_core.package_identification:_identify(src/sensor_nodes_smaut/build) ignored
[0.876s] Level 1:colcon.colcon_core.package_identification:_identify(src/sensor_nodes_smaut/install) by extensions ['ignore', 'ignore_ament_install']
[0.876s] Level 1:colcon.colcon_core.package_identification:_identify(src/sensor_nodes_smaut/install) by extension 'ignore'
[0.876s] Level 1:colcon.colcon_core.package_identification:_identify(src/sensor_nodes_smaut/install) ignored
[0.876s] Level 1:colcon.colcon_core.package_identification:_identify(src/sensor_nodes_smaut/log) by extensions ['ignore', 'ignore_ament_install']
[0.877s] Level 1:colcon.colcon_core.package_identification:_identify(src/sensor_nodes_smaut/log) by extension 'ignore'
[0.877s] Level 1:colcon.colcon_core.package_identification:_identify(src/sensor_nodes_smaut/log) ignored
[0.877s] Level 1:colcon.colcon_core.package_identification:_identify(src/sensor_nodes_smaut/radar_data_listener) by extensions ['ignore', 'ignore_ament_install']
[0.877s] Level 1:colcon.colcon_core.package_identification:_identify(src/sensor_nodes_smaut/radar_data_listener) by extension 'ignore'
[0.877s] Level 1:colcon.colcon_core.package_identification:_identify(src/sensor_nodes_smaut/radar_data_listener) by extension 'ignore_ament_install'
[0.877s] Level 1:colcon.colcon_core.package_identification:_identify(src/sensor_nodes_smaut/radar_data_listener) by extensions ['colcon_pkg']
[0.877s] Level 1:colcon.colcon_core.package_identification:_identify(src/sensor_nodes_smaut/radar_data_listener) by extension 'colcon_pkg'
[0.877s] Level 1:colcon.colcon_core.package_identification:_identify(src/sensor_nodes_smaut/radar_data_listener) by extensions ['colcon_meta']
[0.877s] Level 1:colcon.colcon_core.package_identification:_identify(src/sensor_nodes_smaut/radar_data_listener) by extension 'colcon_meta'
[0.878s] Level 1:colcon.colcon_core.package_identification:_identify(src/sensor_nodes_smaut/radar_data_listener) by extensions ['ros']
[0.878s] Level 1:colcon.colcon_core.package_identification:_identify(src/sensor_nodes_smaut/radar_data_listener) by extension 'ros'
[0.892s] DEBUG:colcon.colcon_core.package_identification:Package 'src/sensor_nodes_smaut/radar_data_listener' with type 'ros.ament_python' and name 'radar_data_listener'
[0.893s] Level 1:colcon.colcon_core.package_identification:_identify(src/sensor_nodes_smaut/scripts) by extensions ['ignore', 'ignore_ament_install']
[0.893s] Level 1:colcon.colcon_core.package_identification:_identify(src/sensor_nodes_smaut/scripts) by extension 'ignore'
[0.893s] Level 1:colcon.colcon_core.package_identification:_identify(src/sensor_nodes_smaut/scripts) by extension 'ignore_ament_install'
[0.893s] Level 1:colcon.colcon_core.package_identification:_identify(src/sensor_nodes_smaut/scripts) by extensions ['colcon_pkg']
[0.894s] Level 1:colcon.colcon_core.package_identification:_identify(src/sensor_nodes_smaut/scripts) by extension 'colcon_pkg'
[0.894s] Level 1:colcon.colcon_core.package_identification:_identify(src/sensor_nodes_smaut/scripts) by extensions ['colcon_meta']
[0.894s] Level 1:colcon.colcon_core.package_identification:_identify(src/sensor_nodes_smaut/scripts) by extension 'colcon_meta'
[0.894s] Level 1:colcon.colcon_core.package_identification:_identify(src/sensor_nodes_smaut/scripts) by extensions ['ros']
[0.894s] Level 1:colcon.colcon_core.package_identification:_identify(src/sensor_nodes_smaut/scripts) by extension 'ros'
[0.894s] Level 1:colcon.colcon_core.package_identification:_identify(src/sensor_nodes_smaut/scripts) by extensions ['cmake', 'python']
[0.894s] Level 1:colcon.colcon_core.package_identification:_identify(src/sensor_nodes_smaut/scripts) by extension 'cmake'
[0.894s] Level 1:colcon.colcon_core.package_identification:_identify(src/sensor_nodes_smaut/scripts) by extension 'python'
[0.894s] Level 1:colcon.colcon_core.package_identification:_identify(src/sensor_nodes_smaut/scripts) by extensions ['python_setup_py']
[0.894s] Level 1:colcon.colcon_core.package_identification:_identify(src/sensor_nodes_smaut/scripts) by extension 'python_setup_py'
[0.895s] Level 1:colcon.colcon_core.package_identification:_identify(src/sensor_nodes_smaut/scripts/calibration) by extensions ['ignore', 'ignore_ament_install']
[0.895s] Level 1:colcon.colcon_core.package_identification:_identify(src/sensor_nodes_smaut/scripts/calibration) by extension 'ignore'
[0.895s] Level 1:colcon.colcon_core.package_identification:_identify(src/sensor_nodes_smaut/scripts/calibration) by extension 'ignore_ament_install'
[0.895s] Level 1:colcon.colcon_core.package_identification:_identify(src/sensor_nodes_smaut/scripts/calibration) by extensions ['colcon_pkg']
[0.895s] Level 1:colcon.colcon_core.package_identification:_identify(src/sensor_nodes_smaut/scripts/calibration) by extension 'colcon_pkg'
[0.895s] Level 1:colcon.colcon_core.package_identification:_identify(src/sensor_nodes_smaut/scripts/calibration) by extensions ['colcon_meta']
[0.895s] Level 1:colcon.colcon_core.package_identification:_identify(src/sensor_nodes_smaut/scripts/calibration) by extension 'colcon_meta'
[0.895s] Level 1:colcon.colcon_core.package_identification:_identify(src/sensor_nodes_smaut/scripts/calibration) by extensions ['ros']
[0.895s] Level 1:colcon.colcon_core.package_identification:_identify(src/sensor_nodes_smaut/scripts/calibration) by extension 'ros'
[0.895s] Level 1:colcon.colcon_core.package_identification:_identify(src/sensor_nodes_smaut/scripts/calibration) by extensions ['cmake', 'python']
[0.895s] Level 1:colcon.colcon_core.package_identification:_identify(src/sensor_nodes_smaut/scripts/calibration) by extension 'cmake'
[0.895s] Level 1:colcon.colcon_core.package_identification:_identify(src/sensor_nodes_smaut/scripts/calibration) by extension 'python'
[0.895s] Level 1:colcon.colcon_core.package_identification:_identify(src/sensor_nodes_smaut/scripts/calibration) by extensions ['python_setup_py']
[0.895s] Level 1:colcon.colcon_core.package_identification:_identify(src/sensor_nodes_smaut/scripts/calibration) by extension 'python_setup_py'
[0.896s] Level 1:colcon.colcon_core.package_identification:_identify(src/sensor_nodes_smaut/scripts/example_read_rust_data) by extensions ['ignore', 'ignore_ament_install']
[0.896s] Level 1:colcon.colcon_core.package_identification:_identify(src/sensor_nodes_smaut/scripts/example_read_rust_data) by extension 'ignore'
[0.896s] Level 1:colcon.colcon_core.package_identification:_identify(src/sensor_nodes_smaut/scripts/example_read_rust_data) by extension 'ignore_ament_install'
[0.896s] Level 1:colcon.colcon_core.package_identification:_identify(src/sensor_nodes_smaut/scripts/example_read_rust_data) by extensions ['colcon_pkg']
[0.896s] Level 1:colcon.colcon_core.package_identification:_identify(src/sensor_nodes_smaut/scripts/example_read_rust_data) by extension 'colcon_pkg'
[0.896s] Level 1:colcon.colcon_core.package_identification:_identify(src/sensor_nodes_smaut/scripts/example_read_rust_data) by extensions ['colcon_meta']
[0.896s] Level 1:colcon.colcon_core.package_identification:_identify(src/sensor_nodes_smaut/scripts/example_read_rust_data) by extension 'colcon_meta'
[0.896s] Level 1:colcon.colcon_core.package_identification:_identify(src/sensor_nodes_smaut/scripts/example_read_rust_data) by extensions ['ros']
[0.896s] Level 1:colcon.colcon_core.package_identification:_identify(src/sensor_nodes_smaut/scripts/example_read_rust_data) by extension 'ros'
[0.896s] Level 1:colcon.colcon_core.package_identification:_identify(src/sensor_nodes_smaut/scripts/example_read_rust_data) by extensions ['cmake', 'python']
[0.897s] Level 1:colcon.colcon_core.package_identification:_identify(src/sensor_nodes_smaut/scripts/example_read_rust_data) by extension 'cmake'
[0.897s] Level 1:colcon.colcon_core.package_identification:_identify(src/sensor_nodes_smaut/scripts/example_read_rust_data) by extension 'python'
[0.897s] Level 1:colcon.colcon_core.package_identification:_identify(src/sensor_nodes_smaut/scripts/example_read_rust_data) by extensions ['python_setup_py']
[0.897s] Level 1:colcon.colcon_core.package_identification:_identify(src/sensor_nodes_smaut/scripts/example_read_rust_data) by extension 'python_setup_py'
[0.897s] Level 1:colcon.colcon_core.package_identification:_identify(src/sensor_nodes_smaut/scripts/rust_listener) by extensions ['ignore', 'ignore_ament_install']
[0.897s] Level 1:colcon.colcon_core.package_identification:_identify(src/sensor_nodes_smaut/scripts/rust_listener) by extension 'ignore'
[0.897s] Level 1:colcon.colcon_core.package_identification:_identify(src/sensor_nodes_smaut/scripts/rust_listener) by extension 'ignore_ament_install'
[0.897s] Level 1:colcon.colcon_core.package_identification:_identify(src/sensor_nodes_smaut/scripts/rust_listener) by extensions ['colcon_pkg']
[0.898s] Level 1:colcon.colcon_core.package_identification:_identify(src/sensor_nodes_smaut/scripts/rust_listener) by extension 'colcon_pkg'
[0.898s] Level 1:colcon.colcon_core.package_identification:_identify(src/sensor_nodes_smaut/scripts/rust_listener) by extensions ['colcon_meta']
[0.898s] Level 1:colcon.colcon_core.package_identification:_identify(src/sensor_nodes_smaut/scripts/rust_listener) by extension 'colcon_meta'
[0.898s] Level 1:colcon.colcon_core.package_identification:_identify(src/sensor_nodes_smaut/scripts/rust_listener) by extensions ['ros']
[0.898s] Level 1:colcon.colcon_core.package_identification:_identify(src/sensor_nodes_smaut/scripts/rust_listener) by extension 'ros'
[0.898s] Level 1:colcon.colcon_core.package_identification:_identify(src/sensor_nodes_smaut/scripts/rust_listener) by extensions ['cmake', 'python']
[0.898s] Level 1:colcon.colcon_core.package_identification:_identify(src/sensor_nodes_smaut/scripts/rust_listener) by extension 'cmake'
[0.898s] Level 1:colcon.colcon_core.package_identification:_identify(src/sensor_nodes_smaut/scripts/rust_listener) by extension 'python'
[0.898s] Level 1:colcon.colcon_core.package_identification:_identify(src/sensor_nodes_smaut/scripts/rust_listener) by extensions ['python_setup_py']
[0.898s] Level 1:colcon.colcon_core.package_identification:_identify(src/sensor_nodes_smaut/scripts/rust_listener) by extension 'python_setup_py'
[0.898s] Level 1:colcon.colcon_core.package_identification:_identify(src/sensor_nodes_smaut/scripts/rust_publisher) by extensions ['ignore', 'ignore_ament_install']
[0.899s] Level 1:colcon.colcon_core.package_identification:_identify(src/sensor_nodes_smaut/scripts/rust_publisher) by extension 'ignore'
[0.899s] Level 1:colcon.colcon_core.package_identification:_identify(src/sensor_nodes_smaut/scripts/rust_publisher) by extension 'ignore_ament_install'
[0.899s] Level 1:colcon.colcon_core.package_identification:_identify(src/sensor_nodes_smaut/scripts/rust_publisher) by extensions ['colcon_pkg']
[0.899s] Level 1:colcon.colcon_core.package_identification:_identify(src/sensor_nodes_smaut/scripts/rust_publisher) by extension 'colcon_pkg'
[0.899s] Level 1:colcon.colcon_core.package_identification:_identify(src/sensor_nodes_smaut/scripts/rust_publisher) by extensions ['colcon_meta']
[0.899s] Level 1:colcon.colcon_core.package_identification:_identify(src/sensor_nodes_smaut/scripts/rust_publisher) by extension 'colcon_meta'
[0.899s] Level 1:colcon.colcon_core.package_identification:_identify(src/sensor_nodes_smaut/scripts/rust_publisher) by extensions ['ros']
[0.899s] Level 1:colcon.colcon_core.package_identification:_identify(src/sensor_nodes_smaut/scripts/rust_publisher) by extension 'ros'
[0.899s] Level 1:colcon.colcon_core.package_identification:_identify(src/sensor_nodes_smaut/scripts/rust_publisher) by extensions ['cmake', 'python']
[0.899s] Level 1:colcon.colcon_core.package_identification:_identify(src/sensor_nodes_smaut/scripts/rust_publisher) by extension 'cmake'
[0.899s] Level 1:colcon.colcon_core.package_identification:_identify(src/sensor_nodes_smaut/scripts/rust_publisher) by extension 'python'
[0.899s] Level 1:colcon.colcon_core.package_identification:_identify(src/sensor_nodes_smaut/scripts/rust_publisher) by extensions ['python_setup_py']
[0.899s] Level 1:colcon.colcon_core.package_identification:_identify(src/sensor_nodes_smaut/scripts/rust_publisher) by extension 'python_setup_py'
[0.899s] Level 1:colcon.colcon_core.package_discovery:discover_packages(recursive) using defaults
[0.899s] Level 1:colcon.colcon_core.package_discovery:discover_packages(ignore) discover
[0.899s] Level 1:colcon.colcon_core.package_discovery:discover_packages(ignore) using defaults
[0.900s] Level 1:colcon.colcon_core.package_discovery:discover_packages(path) discover
[0.900s] Level 1:colcon.colcon_core.package_discovery:discover_packages(path) using defaults
[0.900s] WARNING:colcon.colcon_core.package_selection:ignoring unknown package 'radar_data_listener/' in --packages-select
[0.942s] INFO:colcon.colcon_core.package_selection:Skipping not selected package 'radar_data_listener' in 'src/sensor_nodes_smaut/radar_data_listener'
[0.944s] Level 1:colcon.colcon_core.package_discovery:discover_packages(prefix_path) check parameters
[0.944s] Level 1:colcon.colcon_core.package_discovery:discover_packages(prefix_path) discover
[0.960s] DEBUG:colcon.colcon_installed_package_information.package_discovery:Found 24 installed packages in /home/tommy/ros2_ws/install
[0.962s] DEBUG:colcon.colcon_installed_package_information.package_discovery:Found 1 installed packages in /home/tommy/ros2_ws/src/examples/install
[0.973s] DEBUG:colcon.colcon_installed_package_information.package_discovery:Found 346 installed packages in /home/tommy/ros2_humble/ros2-linux
[0.976s] Level 1:colcon.colcon_core.package_discovery:discover_packages(prefix_path) using defaults
[1.106s] INFO:colcon.colcon_core.executor:Executing jobs using 'parallel' executor
[1.108s] DEBUG:colcon.colcon_parallel_executor.executor.parallel:run_until_complete
[1.108s] DEBUG:colcon.colcon_parallel_executor.executor.parallel:closing loop
[1.108s] DEBUG:colcon.colcon_parallel_executor.executor.parallel:loop closed
[1.108s] DEBUG:colcon.colcon_parallel_executor.executor.parallel:run_until_complete finished with '0'
[1.108s] DEBUG:colcon.colcon_core.event_reactor:joining thread
[1.149s] INFO:colcon.colcon_core.plugin_system:Skipping extension 'colcon_notification.desktop_notification.notify_send': Could not find 'notify-send'
[1.149s] INFO:colcon.colcon_core.plugin_system:Skipping extension 'colcon_notification.desktop_notification.terminal_notifier': Not used on non-Darwin systems
[1.149s] INFO:colcon.colcon_core.plugin_system:Skipping extension 'colcon_notification.desktop_notification.win32': Not used on non-Windows systems
[1.149s] INFO:colcon.colcon_notification.desktop_notification:Sending desktop notification using 'notify2'
[1.149s] DEBUG:colcon.colcon_notification.desktop_notification.notify2:Failed to initialize notify2: org.freedesktop.DBus.Error.FileNotFound: Failed to connect to socket /run/user/1000/bus: No such file or directory
[1.150s] DEBUG:colcon.colcon_core.event_reactor:joined thread
[1.155s] INFO:colcon.colcon_core.plugin_system:Skipping extension 'colcon_core.shell.bat': Not used on non-Windows systems
[1.155s] INFO:colcon.colcon_core.shell:Creating prefix script '/home/tommy/smaut_sensor_nodes_ws/install/local_setup.ps1'
[1.157s] INFO:colcon.colcon_core.shell:Creating prefix util module '/home/tommy/smaut_sensor_nodes_ws/install/_local_setup_util_ps1.py'
[1.159s] INFO:colcon.colcon_core.shell:Creating prefix chain script '/home/tommy/smaut_sensor_nodes_ws/install/setup.ps1'
[1.161s] INFO:colcon.colcon_core.shell:Creating prefix script '/home/tommy/smaut_sensor_nodes_ws/install/local_setup.sh'
[1.162s] INFO:colcon.colcon_core.shell:Creating prefix util module '/home/tommy/smaut_sensor_nodes_ws/install/_local_setup_util_sh.py'
[1.163s] INFO:colcon.colcon_core.shell:Creating prefix chain script '/home/tommy/smaut_sensor_nodes_ws/install/setup.sh'
[1.165s] INFO:colcon.colcon_core.shell:Creating prefix script '/home/tommy/smaut_sensor_nodes_ws/install/local_setup.bash'
[1.166s] INFO:colcon.colcon_core.shell:Creating prefix chain script '/home/tommy/smaut_sensor_nodes_ws/install/setup.bash'
[1.170s] INFO:colcon.colcon_core.shell:Creating prefix script '/home/tommy/smaut_sensor_nodes_ws/install/local_setup.zsh'
[1.171s] INFO:colcon.colcon_core.shell:Creating prefix chain script '/home/tommy/smaut_sensor_nodes_ws/install/setup.zsh'
